<?xml version="1.0" encoding="UTF-8"?>
<testsuite name="LettersTests" tests="1" skipped="0" failures="0" errors="0" timestamp="2023-09-28T19:34:37" hostname="LAPTOP-99TD89UG" time="0.01">
  <properties/>
  <testcase name="testSolution" classname="LettersTests" time="0.01"/>
  <system-out><![CDATA[]]></system-out>
  <system-err><![CDATA[]]></system-err>
</testsuite>
