<?xml version="1.0" encoding="UTF-8"?>
<testsuite name="WordCutterTests" tests="1" skipped="0" failures="0" errors="0" timestamp="2023-09-28T19:33:46" hostname="LAPTOP-99TD89UG" time="0.013">
  <properties/>
  <testcase name="testSolution" classname="WordCutterTests" time="0.013"/>
  <system-out><![CDATA[]]></system-out>
  <system-err><![CDATA[]]></system-err>
</testsuite>
